<?xml version="1.0" encoding="UTF-8"?>
<!-- Generated by org.testng.reporters.JUnitReportReporter -->
<testsuite skipped="3" hostname="LAPTOP-EG3C4IFC" name="com.crm.qa.testcases.LogInPageTest" tests="4" failures="0" timestamp="2020-07-09T18:16:23 EDT" time="13.114" errors="1">
  <testcase name="setup" time="13.114" classname="com.crm.qa.testcases.LogInPageTest">
    <error type="org.openqa.selenium.SessionNotCreatedException" message="session not created
from chrome not reachable
  (Session info: chrome=83.0.4103.116)
Build info: version: &#039;3.141.59&#039;, revision: &#039;e82be7d358&#039;, time: &#039;2018-11-14T08:17:03&#039;
System info: host: &#039;LAPTOP-EG3C4IFC&#039;, ip: &#039;192.168.1.5&#039;, os.name: &#039;Windows 10&#039;, os.arch: &#039;amd64&#039;, os.version: &#039;10.0&#039;, java.version: &#039;1.8.0_251&#039;
Driver info: driver.version: ChromeDriver
remote stacktrace: Backtrace:
	Ordinal0 [0x00539563+2725219]
	Ordinal0 [0x00438551+1672529]
	Ordinal0 [0x00320202+524802]
	Ordinal0 [0x003199B2+498098]
	Ordinal0 [0x0031A09B+499867]
	Ordinal0 [0x0031AFF5+503797]
	Ordinal0 [0x00316994+485780]
	Ordinal0 [0x00320FF0+528368]
	Ordinal0 [0x002CD6C9+186057]
	Ordinal0 [0x002CCA3D+182845]
	Ordinal0 [0x002CA94B+174411]
	Ordinal0 [0x002B2528+75048]
	Ordinal0 [0x002B35A0+79264]
	Ordinal0 [0x002B3539+79161]
	Ordinal0 [0x0044D607+1758727]
	GetHandleVerifier [0x00656546+1050150]
	GetHandleVerifier [0x00656291+1049457]
	GetHandleVerifier [0x006610D7+1094071]
	GetHandleVerifier [0x00656B46+1051686]
	Ordinal0 [0x00445B06+1727238]
	Ordinal0 [0x0044EB7B+1764219]
	Ordinal0 [0x0044ECE3+1764579]
	Ordinal0 [0x00464C05+1854469]
	BaseThreadInitThunk [0x75076359+25]
	RtlGetAppContainerNamedObjectPath [0x771C7C24+228]
	RtlGetAppContainerNamedObjectPath [0x771C7BF4+180]
">
      <![CDATA[org.openqa.selenium.SessionNotCreatedException: session not created
from chrome not reachable
  (Session info: chrome=83.0.4103.116)
Build info: version: '3.141.59', revision: 'e82be7d358', time: '2018-11-14T08:17:03'
System info: host: 'LAPTOP-EG3C4IFC', ip: '192.168.1.5', os.name: 'Windows 10', os.arch: 'amd64', os.version: '10.0', java.version: '1.8.0_251'
Driver info: driver.version: ChromeDriver
remote stacktrace: Backtrace:
Ordinal0 [0x00539563+2725219]
Ordinal0 [0x00438551+1672529]
Ordinal0 [0x00320202+524802]
Ordinal0 [0x003199B2+498098]
Ordinal0 [0x0031A09B+499867]
Ordinal0 [0x0031AFF5+503797]
Ordinal0 [0x00316994+485780]
Ordinal0 [0x00320FF0+528368]
Ordinal0 [0x002CD6C9+186057]
Ordinal0 [0x002CCA3D+182845]
Ordinal0 [0x002CA94B+174411]
Ordinal0 [0x002B2528+75048]
Ordinal0 [0x002B35A0+79264]
Ordinal0 [0x002B3539+79161]
Ordinal0 [0x0044D607+1758727]
GetHandleVerifier [0x00656546+1050150]
GetHandleVerifier [0x00656291+1049457]
GetHandleVerifier [0x006610D7+1094071]
GetHandleVerifier [0x00656B46+1051686]
Ordinal0 [0x00445B06+1727238]
Ordinal0 [0x0044EB7B+1764219]
Ordinal0 [0x0044ECE3+1764579]
Ordinal0 [0x00464C05+1854469]
BaseThreadInitThunk [0x75076359+25]
RtlGetAppContainerNamedObjectPath [0x771C7C24+228]
RtlGetAppContainerNamedObjectPath [0x771C7BF4+180]

at sun.reflect.NativeConstructorAccessorImpl.newInstance0(Native Method)
at sun.reflect.NativeConstructorAccessorImpl.newInstance(NativeConstructorAccessorImpl.java:62)
at sun.reflect.DelegatingConstructorAccessorImpl.newInstance(DelegatingConstructorAccessorImpl.java:45)
at java.lang.reflect.Constructor.newInstance(Constructor.java:423)
at org.openqa.selenium.remote.W3CHandshakeResponse.lambda$errorHandler$0(W3CHandshakeResponse.java:62)
at org.openqa.selenium.remote.HandshakeResponse.lambda$getResponseFunction$0(HandshakeResponse.java:30)
at org.openqa.selenium.remote.ProtocolHandshake.lambda$createSession$0(ProtocolHandshake.java:126)
at java.util.stream.ReferencePipeline$3$1.accept(ReferencePipeline.java:193)
at java.util.Spliterators$ArraySpliterator.tryAdvance(Spliterators.java:958)
at java.util.stream.ReferencePipeline.forEachWithCancel(ReferencePipeline.java:126)
at java.util.stream.AbstractPipeline.copyIntoWithCancel(AbstractPipeline.java:499)
at java.util.stream.AbstractPipeline.copyInto(AbstractPipeline.java:486)
at java.util.stream.AbstractPipeline.wrapAndCopyInto(AbstractPipeline.java:472)
at java.util.stream.FindOps$FindOp.evaluateSequential(FindOps.java:152)
at java.util.stream.AbstractPipeline.evaluate(AbstractPipeline.java:234)
at java.util.stream.ReferencePipeline.findFirst(ReferencePipeline.java:464)
at org.openqa.selenium.remote.ProtocolHandshake.createSession(ProtocolHandshake.java:128)
at org.openqa.selenium.remote.ProtocolHandshake.createSession(ProtocolHandshake.java:74)
at org.openqa.selenium.remote.HttpCommandExecutor.execute(HttpCommandExecutor.java:136)
at org.openqa.selenium.remote.service.DriverCommandExecutor.execute(DriverCommandExecutor.java:83)
at org.openqa.selenium.remote.RemoteWebDriver.execute(RemoteWebDriver.java:552)
at org.openqa.selenium.remote.RemoteWebDriver.startSession(RemoteWebDriver.java:213)
at org.openqa.selenium.remote.RemoteWebDriver.<init>(RemoteWebDriver.java:131)
at org.openqa.selenium.chrome.ChromeDriver.<init>(ChromeDriver.java:181)
at org.openqa.selenium.chrome.ChromeDriver.<init>(ChromeDriver.java:168)
at org.openqa.selenium.chrome.ChromeDriver.<init>(ChromeDriver.java:123)
at com.crm.qa.base.TestBase.initialization(TestBase.java:50)
at com.crm.qa.testcases.LogInPageTest.setup(LogInPageTest.java:25)
at sun.reflect.NativeMethodAccessorImpl.invoke0(Native Method)
at sun.reflect.NativeMethodAccessorImpl.invoke(NativeMethodAccessorImpl.java:62)
at sun.reflect.DelegatingMethodAccessorImpl.invoke(DelegatingMethodAccessorImpl.java:43)
at java.lang.reflect.Method.invoke(Method.java:498)
at org.testng.internal.MethodInvocationHelper.invokeMethod(MethodInvocationHelper.java:134)
at org.testng.internal.MethodInvocationHelper.invokeMethodConsideringTimeout(MethodInvocationHelper.java:63)
at org.testng.internal.ConfigInvoker.invokeConfigurationMethod(ConfigInvoker.java:348)
at org.testng.internal.ConfigInvoker.invokeConfigurations(ConfigInvoker.java:302)
at org.testng.internal.TestInvoker.runConfigMethods(TestInvoker.java:695)
at org.testng.internal.TestInvoker.invokeMethod(TestInvoker.java:523)
at org.testng.internal.TestInvoker.invokeTestMethod(TestInvoker.java:173)
at org.testng.internal.MethodRunner.runInSequence(MethodRunner.java:46)
at org.testng.internal.TestInvoker$MethodInvocationAgent.invoke(TestInvoker.java:816)
at org.testng.internal.TestInvoker.invokeTestMethods(TestInvoker.java:146)
at org.testng.internal.TestMethodWorker.invokeTestMethods(TestMethodWorker.java:146)
at org.testng.internal.TestMethodWorker.run(TestMethodWorker.java:128)
at java.util.ArrayList.forEach(ArrayList.java:1257)
at org.testng.TestRunner.privateRun(TestRunner.java:766)
at org.testng.TestRunner.run(TestRunner.java:587)
at org.testng.SuiteRunner.runTest(SuiteRunner.java:384)
at org.testng.SuiteRunner.runSequentially(SuiteRunner.java:378)
at org.testng.SuiteRunner.privateRun(SuiteRunner.java:337)
at org.testng.SuiteRunner.run(SuiteRunner.java:286)
at org.testng.SuiteRunnerWorker.runSuite(SuiteRunnerWorker.java:53)
at org.testng.SuiteRunnerWorker.run(SuiteRunnerWorker.java:96)
at org.testng.TestNG.runSuitesSequentially(TestNG.java:1187)
at org.testng.TestNG.runSuitesLocally(TestNG.java:1109)
at org.testng.TestNG.runSuites(TestNG.java:1039)
at org.testng.TestNG.run(TestNG.java:1007)
at org.apache.maven.surefire.testng.TestNGExecutor.run(TestNGExecutor.java:77)
at org.apache.maven.surefire.testng.TestNGDirectoryTestSuite.executeMulti(TestNGDirectoryTestSuite.java:159)
at org.apache.maven.surefire.testng.TestNGDirectoryTestSuite.execute(TestNGDirectoryTestSuite.java:99)
at org.apache.maven.surefire.testng.TestNGProvider.invoke(TestNGProvider.java:106)
at sun.reflect.NativeMethodAccessorImpl.invoke0(Native Method)
at sun.reflect.NativeMethodAccessorImpl.invoke(NativeMethodAccessorImpl.java:62)
at sun.reflect.DelegatingMethodAccessorImpl.invoke(DelegatingMethodAccessorImpl.java:43)
at java.lang.reflect.Method.invoke(Method.java:498)
at org.apache.maven.surefire.util.ReflectionUtils.invokeMethodWithArray(ReflectionUtils.java:189)
at org.apache.maven.surefire.booter.ProviderFactory$ProviderProxy.invoke(ProviderFactory.java:165)
at org.apache.maven.surefire.booter.ProviderFactory.invokeProvider(ProviderFactory.java:85)
at org.apache.maven.surefire.booter.ForkedBooter.runSuitesInProcess(ForkedBooter.java:115)
at org.apache.maven.surefire.booter.ForkedBooter.main(ForkedBooter.java:75)
]]>
    </error>
  </testcase> <!-- setup -->
  <system-out/>
  <testcase name="LogInPageTitleTest" time="0.000" classname="com.crm.qa.testcases.LogInPageTest">
    <skipped/>
  </testcase> <!-- LogInPageTitleTest -->
  <system-out/>
  <testcase name="crmLogoTest" time="0.000" classname="com.crm.qa.testcases.LogInPageTest">
    <skipped/>
  </testcase> <!-- crmLogoTest -->
  <system-out/>
  <testcase name="LogIntest" time="0.000" classname="com.crm.qa.testcases.LogInPageTest">
    <skipped/>
  </testcase> <!-- LogIntest -->
  <system-out/>
</testsuite> <!-- com.crm.qa.testcases.LogInPageTest -->
